<?xml version="1.0" encoding="UTF-8"?>
<!-- Generated by org.testng.reporters.JUnitReportReporter -->
<testsuite skipped="0" hostname="Eswarans-MacBook-Pro.local" name="screenShot" tests="1" failures="0" timestamp="2022-03-04T14:44:20 EST" time="7.486" errors="0">
  <testcase name="testBStackTakeScreenShot" time="7.486" classname="screenShot"/>
  <system-out/>
</testsuite> <!-- screenShot -->
