<?xml version="1.0" encoding="UTF-8"?>
<!-- Generated by org.testng.reporters.JUnitReportReporter -->
<testsuite skipped="0" hostname="Eswarans-MacBook-Pro.local" name="BaseforScreenShot" tests="1" failures="0" timestamp="2022-03-04T23:12:41 EST" time="0.208" errors="0">
  <testcase name="FailedTestTakeScreenShot" time="0.208" classname="BaseforScreenShot"/>
  <system-out/>
</testsuite> <!-- BaseforScreenShot -->
